<?xml version="1.0" encoding="UTF-8"?>
<!-- Generated by org.testng.reporters.JUnitXMLReporter -->
<testsuite ignored="0" hostname="Bharath" failures="3" tests="5" name="Test" time="67.004" errors="0" timestamp="2022-12-15T22:10:39 IST">
  <testcase classname="com.application.tests.ApplicationTest" name="VerifyWhetherApplicationLaunchedSuccessfully" time="5.026"/>
  <testcase classname="com.application.tests.ApplicationTest" name="VerifyApplicationLogoAndCaption" time="3.173"/>
  <testcase classname="com.application.tests.ApplicationTest" name="VerifyApplicationLogin" time="18.165">
    <failure type="org.openqa.selenium.TimeoutException" message="Expected condition failed: waiting for number of elements found by By.xpath: //a[text()=&amp;apos;Accounts Overview&amp;apos;] to be more than &amp;quot;0&amp;quot;. Current number: &amp;quot;0&amp;quot; (tried for 10 second(s) with 500 milliseconds interval)
Build info: version: &amp;apos;4.4.0&amp;apos;, revision: &amp;apos;e5c75ed026a&amp;apos;
System info: host: &amp;apos;BHARATH&amp;apos;, ip: &amp;apos;192.168.0.109&amp;apos;, os.name: &amp;apos;Windows 11&amp;apos;, os.arch: &amp;apos;amd64&amp;apos;, os.version: &amp;apos;10.0&amp;apos;, java.version: &amp;apos;17.0.2&amp;apos;
Driver info: org.openqa.selenium.chrome.ChromeDriver
Capabilities {acceptInsecureCerts: false, browserName: chrome, browserVersion: 108.0.5359.100, chrome: {chromedriverVersion: 108.0.5359.71 (1e0e3868ee06..., userDataDir: C:\Users\india\AppData\Loca...}, goog:chromeOptions: {debuggerAddress: localhost:53368}, networkConnectionEnabled: false, pageLoadStrategy: normal, platformName: WINDOWS, proxy: Proxy(), se:cdp: ws://localhost:53368/devtoo..., se:cdpVersion: 108.0.5359.100, setWindowRect: true, strictFileInteractability: false, timeouts: {implicit: 0, pageLoad: 300000, script: 30000}, unhandledPromptBehavior: dismiss and notify, webauthn:extension:credBlob: true, webauthn:extension:largeBlob: true, webauthn:virtualAuthenticators: true}
Session ID: 8b2dabfa832a1d528f0bc70fe92b24cc">
      <![CDATA[org.openqa.selenium.TimeoutException: Expected condition failed: waiting for number of elements found by By.xpath: //a[text()='Accounts Overview'] to be more than "0". Current number: "0" (tried for 10 second(s) with 500 milliseconds interval)
Build info: version: '4.4.0', revision: 'e5c75ed026a'
System info: host: 'BHARATH', ip: '192.168.0.109', os.name: 'Windows 11', os.arch: 'amd64', os.version: '10.0', java.version: '17.0.2'
Driver info: org.openqa.selenium.chrome.ChromeDriver
Capabilities {acceptInsecureCerts: false, browserName: chrome, browserVersion: 108.0.5359.100, chrome: {chromedriverVersion: 108.0.5359.71 (1e0e3868ee06..., userDataDir: C:\Users\india\AppData\Loca...}, goog:chromeOptions: {debuggerAddress: localhost:53368}, networkConnectionEnabled: false, pageLoadStrategy: normal, platformName: WINDOWS, proxy: Proxy(), se:cdp: ws://localhost:53368/devtoo..., se:cdpVersion: 108.0.5359.100, setWindowRect: true, strictFileInteractability: false, timeouts: {implicit: 0, pageLoad: 300000, script: 30000}, unhandledPromptBehavior: dismiss and notify, webauthn:extension:credBlob: true, webauthn:extension:largeBlob: true, webauthn:virtualAuthenticators: true}
Session ID: 8b2dabfa832a1d528f0bc70fe92b24cc
at org.openqa.selenium.support.ui.WebDriverWait.timeoutException(WebDriverWait.java:87)
at org.openqa.selenium.support.ui.FluentWait.until(FluentWait.java:231)
at com.framework.commons.WebCommons.waitForLocator(WebCommons.java:106)
at com.application.actions.LoginPageActions.clickOnLoginAndVerifyLoginIsSuccessful(LoginPageActions.java:41)
at com.application.tests.ApplicationTest.VerifyApplicationLogin(ApplicationTest.java:38)
at java.base/java.util.ArrayList.forEach(ArrayList.java:1511)
... Removed 27 stack frames]]>
    </failure>
  </testcase> <!-- VerifyApplicationLogin -->
  <testcase classname="com.application.tests.ApplicationTest" name="VerifyApplicationLogin" time="13.671">
    <failure type="org.openqa.selenium.TimeoutException" message="Expected condition failed: waiting for number of elements found by By.xpath: //a[text()=&amp;apos;Accounts Overview&amp;apos;] to be more than &amp;quot;0&amp;quot;. Current number: &amp;quot;0&amp;quot; (tried for 10 second(s) with 500 milliseconds interval)
Build info: version: &amp;apos;4.4.0&amp;apos;, revision: &amp;apos;e5c75ed026a&amp;apos;
System info: host: &amp;apos;BHARATH&amp;apos;, ip: &amp;apos;192.168.0.109&amp;apos;, os.name: &amp;apos;Windows 11&amp;apos;, os.arch: &amp;apos;amd64&amp;apos;, os.version: &amp;apos;10.0&amp;apos;, java.version: &amp;apos;17.0.2&amp;apos;
Driver info: org.openqa.selenium.chrome.ChromeDriver
Capabilities {acceptInsecureCerts: false, browserName: chrome, browserVersion: 108.0.5359.100, chrome: {chromedriverVersion: 108.0.5359.71 (1e0e3868ee06..., userDataDir: C:\Users\india\AppData\Loca...}, goog:chromeOptions: {debuggerAddress: localhost:53469}, networkConnectionEnabled: false, pageLoadStrategy: normal, platformName: WINDOWS, proxy: Proxy(), se:cdp: ws://localhost:53469/devtoo..., se:cdpVersion: 108.0.5359.100, setWindowRect: true, strictFileInteractability: false, timeouts: {implicit: 0, pageLoad: 300000, script: 30000}, unhandledPromptBehavior: dismiss and notify, webauthn:extension:credBlob: true, webauthn:extension:largeBlob: true, webauthn:virtualAuthenticators: true}
Session ID: 831a6de8cd43c9f419ee460a75e0c50c">
      <![CDATA[org.openqa.selenium.TimeoutException: Expected condition failed: waiting for number of elements found by By.xpath: //a[text()='Accounts Overview'] to be more than "0". Current number: "0" (tried for 10 second(s) with 500 milliseconds interval)
Build info: version: '4.4.0', revision: 'e5c75ed026a'
System info: host: 'BHARATH', ip: '192.168.0.109', os.name: 'Windows 11', os.arch: 'amd64', os.version: '10.0', java.version: '17.0.2'
Driver info: org.openqa.selenium.chrome.ChromeDriver
Capabilities {acceptInsecureCerts: false, browserName: chrome, browserVersion: 108.0.5359.100, chrome: {chromedriverVersion: 108.0.5359.71 (1e0e3868ee06..., userDataDir: C:\Users\india\AppData\Loca...}, goog:chromeOptions: {debuggerAddress: localhost:53469}, networkConnectionEnabled: false, pageLoadStrategy: normal, platformName: WINDOWS, proxy: Proxy(), se:cdp: ws://localhost:53469/devtoo..., se:cdpVersion: 108.0.5359.100, setWindowRect: true, strictFileInteractability: false, timeouts: {implicit: 0, pageLoad: 300000, script: 30000}, unhandledPromptBehavior: dismiss and notify, webauthn:extension:credBlob: true, webauthn:extension:largeBlob: true, webauthn:virtualAuthenticators: true}
Session ID: 831a6de8cd43c9f419ee460a75e0c50c
at org.openqa.selenium.support.ui.WebDriverWait.timeoutException(WebDriverWait.java:87)
at org.openqa.selenium.support.ui.FluentWait.until(FluentWait.java:231)
at com.framework.commons.WebCommons.waitForLocator(WebCommons.java:106)
at com.application.actions.LoginPageActions.clickOnLoginAndVerifyLoginIsSuccessful(LoginPageActions.java:41)
at com.application.tests.ApplicationTest.VerifyApplicationLogin(ApplicationTest.java:38)
at java.base/java.util.ArrayList.forEach(ArrayList.java:1511)
... Removed 27 stack frames]]>
    </failure>
  </testcase> <!-- VerifyApplicationLogin -->
  <testcase classname="com.application.tests.ApplicationTest" name="VerifyApplicationLogin" time="14.554">
    <failure type="org.openqa.selenium.TimeoutException" message="Expected condition failed: waiting for number of elements found by By.xpath: //a[text()=&amp;apos;Accounts Overview&amp;apos;] to be more than &amp;quot;0&amp;quot;. Current number: &amp;quot;0&amp;quot; (tried for 10 second(s) with 500 milliseconds interval)
Build info: version: &amp;apos;4.4.0&amp;apos;, revision: &amp;apos;e5c75ed026a&amp;apos;
System info: host: &amp;apos;BHARATH&amp;apos;, ip: &amp;apos;192.168.0.109&amp;apos;, os.name: &amp;apos;Windows 11&amp;apos;, os.arch: &amp;apos;amd64&amp;apos;, os.version: &amp;apos;10.0&amp;apos;, java.version: &amp;apos;17.0.2&amp;apos;
Driver info: org.openqa.selenium.chrome.ChromeDriver
Capabilities {acceptInsecureCerts: false, browserName: chrome, browserVersion: 108.0.5359.100, chrome: {chromedriverVersion: 108.0.5359.71 (1e0e3868ee06..., userDataDir: C:\Users\india\AppData\Loca...}, goog:chromeOptions: {debuggerAddress: localhost:53500}, networkConnectionEnabled: false, pageLoadStrategy: normal, platformName: WINDOWS, proxy: Proxy(), se:cdp: ws://localhost:53500/devtoo..., se:cdpVersion: 108.0.5359.100, setWindowRect: true, strictFileInteractability: false, timeouts: {implicit: 0, pageLoad: 300000, script: 30000}, unhandledPromptBehavior: dismiss and notify, webauthn:extension:credBlob: true, webauthn:extension:largeBlob: true, webauthn:virtualAuthenticators: true}
Session ID: f3a568b8bf746e3816f49bce7b611343">
      <![CDATA[org.openqa.selenium.TimeoutException: Expected condition failed: waiting for number of elements found by By.xpath: //a[text()='Accounts Overview'] to be more than "0". Current number: "0" (tried for 10 second(s) with 500 milliseconds interval)
Build info: version: '4.4.0', revision: 'e5c75ed026a'
System info: host: 'BHARATH', ip: '192.168.0.109', os.name: 'Windows 11', os.arch: 'amd64', os.version: '10.0', java.version: '17.0.2'
Driver info: org.openqa.selenium.chrome.ChromeDriver
Capabilities {acceptInsecureCerts: false, browserName: chrome, browserVersion: 108.0.5359.100, chrome: {chromedriverVersion: 108.0.5359.71 (1e0e3868ee06..., userDataDir: C:\Users\india\AppData\Loca...}, goog:chromeOptions: {debuggerAddress: localhost:53500}, networkConnectionEnabled: false, pageLoadStrategy: normal, platformName: WINDOWS, proxy: Proxy(), se:cdp: ws://localhost:53500/devtoo..., se:cdpVersion: 108.0.5359.100, setWindowRect: true, strictFileInteractability: false, timeouts: {implicit: 0, pageLoad: 300000, script: 30000}, unhandledPromptBehavior: dismiss and notify, webauthn:extension:credBlob: true, webauthn:extension:largeBlob: true, webauthn:virtualAuthenticators: true}
Session ID: f3a568b8bf746e3816f49bce7b611343
at org.openqa.selenium.support.ui.WebDriverWait.timeoutException(WebDriverWait.java:87)
at org.openqa.selenium.support.ui.FluentWait.until(FluentWait.java:231)
at com.framework.commons.WebCommons.waitForLocator(WebCommons.java:106)
at com.application.actions.LoginPageActions.clickOnLoginAndVerifyLoginIsSuccessful(LoginPageActions.java:41)
at com.application.tests.ApplicationTest.VerifyApplicationLogin(ApplicationTest.java:38)
at java.base/java.util.ArrayList.forEach(ArrayList.java:1511)
... Removed 27 stack frames]]>
    </failure>
  </testcase> <!-- VerifyApplicationLogin -->
</testsuite> <!-- Test -->
